0 info it worked if it ends with ok
1 verbose cli [ '/usr/bin/node', '/usr/bin/npm', 'start' ]
2 info using npm@3.10.10
3 info using node@v6.14.0
4 verbose run-script [ 'prestart', 'start', 'poststart' ]
5 info lifecycle shop@0.0.0~prestart: shop@0.0.0
6 verbose lifecycle shop@0.0.0~prestart: unsafe-perm in lifecycle true
7 verbose lifecycle shop@0.0.0~prestart: PATH: /usr/lib/node_modules/npm/bin/node-gyp-bin:/home/fcampos/www/shop/node_modules/.bin:/home/fcampos/bin/apache-maven-3.3.9/bin:/home/fcampos/bin/sbt:/usr/bin:/home/fcampos/bin/apache-maven-3.3.9/bin:/home/fcampos/bin/sbt:/usr/bin:/usr/lib64/qt-3.3/bin:/home/fcampos/.rvm/gems/ruby-1.9.2-p330/bin:/home/fcampos/.rvm/gems/ruby-1.9.2-p330@global/bin:/home/fcampos/.rvm/rubies/ruby-1.9.2-p330/bin:/usr/local/bin:/usr/local/sbin:/usr/bin:/usr/sbin:/bin:/sbin:/home/fcampos/.rvm/bin:/home/fcampos/bin:/home/fcampos/.rvm/bin:/home/fcampos/.rvm/bin:/home/fcampos/bin/charles/bin:/home/fcampos/.rvm/bin:/home/fcampos/bin/charles/bin
8 verbose lifecycle shop@0.0.0~prestart: CWD: /home/fcampos/www/shop
9 silly lifecycle shop@0.0.0~prestart: Args: [ '-c', 'npm run -s build' ]
10 silly lifecycle shop@0.0.0~prestart: Returned: code: 0  signal: null
11 info lifecycle shop@0.0.0~start: shop@0.0.0
12 verbose lifecycle shop@0.0.0~start: unsafe-perm in lifecycle true
13 verbose lifecycle shop@0.0.0~start: PATH: /usr/lib/node_modules/npm/bin/node-gyp-bin:/home/fcampos/www/shop/node_modules/.bin:/home/fcampos/bin/apache-maven-3.3.9/bin:/home/fcampos/bin/sbt:/usr/bin:/home/fcampos/bin/apache-maven-3.3.9/bin:/home/fcampos/bin/sbt:/usr/bin:/usr/lib64/qt-3.3/bin:/home/fcampos/.rvm/gems/ruby-1.9.2-p330/bin:/home/fcampos/.rvm/gems/ruby-1.9.2-p330@global/bin:/home/fcampos/.rvm/rubies/ruby-1.9.2-p330/bin:/usr/local/bin:/usr/local/sbin:/usr/bin:/usr/sbin:/bin:/sbin:/home/fcampos/.rvm/bin:/home/fcampos/bin:/home/fcampos/.rvm/bin:/home/fcampos/.rvm/bin:/home/fcampos/bin/charles/bin:/home/fcampos/.rvm/bin:/home/fcampos/bin/charles/bin
14 verbose lifecycle shop@0.0.0~start: CWD: /home/fcampos/www/shop
15 silly lifecycle shop@0.0.0~start: Args: [ '-c', 'NODE_ENV=development node ./bin/www' ]
16 silly lifecycle shop@0.0.0~start: Returned: code: 1  signal: null
17 info lifecycle shop@0.0.0~start: Failed to exec start script
18 verbose stack Error: shop@0.0.0 start: `NODE_ENV=development node ./bin/www`
18 verbose stack Exit status 1
18 verbose stack     at EventEmitter.<anonymous> (/usr/lib/node_modules/npm/lib/utils/lifecycle.js:255:16)
18 verbose stack     at emitTwo (events.js:106:13)
18 verbose stack     at EventEmitter.emit (events.js:191:7)
18 verbose stack     at ChildProcess.<anonymous> (/usr/lib/node_modules/npm/lib/utils/spawn.js:40:14)
18 verbose stack     at emitTwo (events.js:106:13)
18 verbose stack     at ChildProcess.emit (events.js:191:7)
18 verbose stack     at maybeClose (internal/child_process.js:920:16)
18 verbose stack     at Process.ChildProcess._handle.onexit (internal/child_process.js:230:5)
19 verbose pkgid shop@0.0.0
20 verbose cwd /home/fcampos/www/shop
21 error Linux 3.10.0-693.11.6.el7.x86_64
22 error argv "/usr/bin/node" "/usr/bin/npm" "start"
23 error node v6.14.0
24 error npm  v3.10.10
25 error code ELIFECYCLE
26 error shop@0.0.0 start: `NODE_ENV=development node ./bin/www`
26 error Exit status 1
27 error Failed at the shop@0.0.0 start script 'NODE_ENV=development node ./bin/www'.
27 error Make sure you have the latest version of node.js and npm installed.
27 error If you do, this is most likely a problem with the shop package,
27 error not with npm itself.
27 error Tell the author that this fails on your system:
27 error     NODE_ENV=development node ./bin/www
27 error You can get information on how to open an issue for this project with:
27 error     npm bugs shop
27 error Or if that isn't available, you can get their info via:
27 error     npm owner ls shop
27 error There is likely additional logging output above.
28 verbose exit [ 1, true ]
